<?xml version="1.0" encoding="UTF-8"?>
<testng-results ignored="0" total="4" passed="3" failed="1" skipped="0">
  <reporter-output>
  </reporter-output>
  <suite started-at="2019-12-23T13:32:33Z" name="Actions demo" finished-at="2019-12-23T13:32:58Z" duration-ms="25835">
    <groups>
    </groups>
    <test started-at="2019-12-23T13:32:33Z" name="Actions demo" finished-at="2019-12-23T13:32:58Z" duration-ms="25835">
      <class name="ActionsDemoTests">
        <test-method is-config="true" signature="init()[pri:0, instance:ActionsDemoTests@1494b84d]" started-at="2019-12-23T17:32:33Z" name="init" description="init browser" finished-at="2019-12-23T17:32:42Z" duration-ms="9787" status="PASS">
          <reporter-output>
          </reporter-output>
        </test-method> <!-- init -->
        <test-method signature="brokenTest()[pri:0, instance:ActionsDemoTests@1494b84d]" started-at="2019-12-23T17:32:42Z" name="brokenTest" description="Broken test" finished-at="2019-12-23T17:32:48Z" duration-ms="5629" status="FAIL">
          <exception class="java.lang.AssertionError">
            <message>
              <![CDATA[expected [true] but found [false]]]>
            </message>
            <full-stacktrace>
              <![CDATA[java.lang.AssertionError: expected [true] but found [false]
	at org.testng.Assert.fail(Assert.java:93)
	at org.testng.Assert.failNotEquals(Assert.java:512)
	at org.testng.Assert.assertTrue(Assert.java:41)
	at org.testng.Assert.assertTrue(Assert.java:51)
	at ActionsDemoTests.brokenTest(ActionsDemoTests.java:41)
	at java.base/jdk.internal.reflect.NativeMethodAccessorImpl.invoke0(Native Method)
	at java.base/jdk.internal.reflect.NativeMethodAccessorImpl.invoke(NativeMethodAccessorImpl.java:62)
	at java.base/jdk.internal.reflect.DelegatingMethodAccessorImpl.invoke(DelegatingMethodAccessorImpl.java:43)
	at java.base/java.lang.reflect.Method.invoke(Method.java:567)
	at org.testng.internal.MethodInvocationHelper.invokeMethod(MethodInvocationHelper.java:108)
	at org.testng.internal.Invoker.invokeMethod(Invoker.java:661)
	at org.testng.internal.Invoker.invokeTestMethod(Invoker.java:869)
	at org.testng.internal.Invoker.invokeTestMethods(Invoker.java:1193)
	at org.testng.internal.TestMethodWorker.invokeTestMethods(TestMethodWorker.java:126)
	at org.testng.internal.TestMethodWorker.run(TestMethodWorker.java:109)
	at java.base/java.util.concurrent.ThreadPoolExecutor.runWorker(ThreadPoolExecutor.java:1128)
	at java.base/java.util.concurrent.ThreadPoolExecutor$Worker.run(ThreadPoolExecutor.java:628)
	at java.base/java.lang.Thread.run(Thread.java:830)
]]>
            </full-stacktrace>
          </exception> <!-- java.lang.AssertionError -->
          <reporter-output>
          </reporter-output>
        </test-method> <!-- brokenTest -->
        <test-method signature="dragNDropDemo()[pri:0, instance:ActionsDemoTests@1494b84d]" started-at="2019-12-23T17:32:48Z" name="dragNDropDemo" description="Drag-n-drop test" finished-at="2019-12-23T17:32:52Z" duration-ms="3745" status="PASS">
          <reporter-output>
          </reporter-output>
        </test-method> <!-- dragNDropDemo -->
        <test-method signature="resizeDemo()[pri:0, instance:ActionsDemoTests@1494b84d]" started-at="2019-12-23T17:32:52Z" name="resizeDemo" description="Resize test" finished-at="2019-12-23T17:32:55Z" duration-ms="3361" status="PASS">
          <reporter-output>
          </reporter-output>
        </test-method> <!-- resizeDemo -->
        <test-method signature="selectingDemo()[pri:0, instance:ActionsDemoTests@1494b84d]" started-at="2019-12-23T17:32:55Z" name="selectingDemo" description="Selecting test" finished-at="2019-12-23T17:32:58Z" duration-ms="2568" status="PASS">
          <reporter-output>
          </reporter-output>
        </test-method> <!-- selectingDemo -->
        <test-method is-config="true" signature="kill()[pri:0, instance:ActionsDemoTests@1494b84d]" started-at="2019-12-23T17:32:58Z" name="kill" description="close browser" finished-at="2019-12-23T17:32:58Z" duration-ms="635" status="PASS">
          <reporter-output>
          </reporter-output>
        </test-method> <!-- kill -->
      </class> <!-- ActionsDemoTests -->
    </test> <!-- Actions demo -->
  </suite> <!-- Actions demo -->
</testng-results>
