{
  "uid" : "5abf619dd8b84695",
  "name" : "Broken test",
  "fullName" : "ActionsDemoTests.brokenTest",
  "historyId" : "79b8ab9fb22f35fb07b49f1630ae816b",
  "time" : {
    "start" : 1577107962913,
    "stop" : 1577107968516,
    "duration" : 5603
  },
  "status" : "failed",
  "statusMessage" : "expected [true] but found [false]",
  "statusTrace" : "java.lang.AssertionError: expected [true] but found [false]\r\n\tat org.testng.Assert.fail(Assert.java:93)\r\n\tat org.testng.Assert.failNotEquals(Assert.java:512)\r\n\tat org.testng.Assert.assertTrue(Assert.java:41)\r\n\tat org.testng.Assert.assertTrue(Assert.java:51)\r\n\tat ActionsDemoTests.brokenTest(ActionsDemoTests.java:41)\r\n\tat java.base/jdk.internal.reflect.NativeMethodAccessorImpl.invoke0(Native Method)\r\n\tat java.base/jdk.internal.reflect.NativeMethodAccessorImpl.invoke(NativeMethodAccessorImpl.java:62)\r\n\tat java.base/jdk.internal.reflect.DelegatingMethodAccessorImpl.invoke(DelegatingMethodAccessorImpl.java:43)\r\n\tat java.base/java.lang.reflect.Method.invoke(Method.java:567)\r\n\tat org.testng.internal.MethodInvocationHelper.invokeMethod(MethodInvocationHelper.java:108)\r\n\tat org.testng.internal.Invoker.invokeMethod(Invoker.java:661)\r\n\tat org.testng.internal.Invoker.invokeTestMethod(Invoker.java:869)\r\n\tat org.testng.internal.Invoker.invokeTestMethods(Invoker.java:1193)\r\n\tat org.testng.internal.TestMethodWorker.invokeTestMethods(TestMethodWorker.java:126)\r\n\tat org.testng.internal.TestMethodWorker.run(TestMethodWorker.java:109)\r\n\tat java.base/java.util.concurrent.ThreadPoolExecutor.runWorker(ThreadPoolExecutor.java:1128)\r\n\tat java.base/java.util.concurrent.ThreadPoolExecutor$Worker.run(ThreadPoolExecutor.java:628)\r\n\tat java.base/java.lang.Thread.run(Thread.java:830)\r\n",
  "flaky" : false,
  "beforeStages" : [ {
    "name" : "init browser",
    "time" : {
      "start" : 1577107953101,
      "stop" : 1577107962877,
      "duration" : 9776
    },
    "status" : "passed",
    "steps" : [ ],
    "attachments" : [ ],
    "parameters" : [ ],
    "attachmentsCount" : 0,
    "shouldDisplayMessage" : false,
    "hasContent" : false,
    "stepsCount" : 0
  } ],
  "testStage" : {
    "status" : "failed",
    "statusMessage" : "expected [true] but found [false]",
    "statusTrace" : "java.lang.AssertionError: expected [true] but found [false]\r\n\tat org.testng.Assert.fail(Assert.java:93)\r\n\tat org.testng.Assert.failNotEquals(Assert.java:512)\r\n\tat org.testng.Assert.assertTrue(Assert.java:41)\r\n\tat org.testng.Assert.assertTrue(Assert.java:51)\r\n\tat ActionsDemoTests.brokenTest(ActionsDemoTests.java:41)\r\n\tat java.base/jdk.internal.reflect.NativeMethodAccessorImpl.invoke0(Native Method)\r\n\tat java.base/jdk.internal.reflect.NativeMethodAccessorImpl.invoke(NativeMethodAccessorImpl.java:62)\r\n\tat java.base/jdk.internal.reflect.DelegatingMethodAccessorImpl.invoke(DelegatingMethodAccessorImpl.java:43)\r\n\tat java.base/java.lang.reflect.Method.invoke(Method.java:567)\r\n\tat org.testng.internal.MethodInvocationHelper.invokeMethod(MethodInvocationHelper.java:108)\r\n\tat org.testng.internal.Invoker.invokeMethod(Invoker.java:661)\r\n\tat org.testng.internal.Invoker.invokeTestMethod(Invoker.java:869)\r\n\tat org.testng.internal.Invoker.invokeTestMethods(Invoker.java:1193)\r\n\tat org.testng.internal.TestMethodWorker.invokeTestMethods(TestMethodWorker.java:126)\r\n\tat org.testng.internal.TestMethodWorker.run(TestMethodWorker.java:109)\r\n\tat java.base/java.util.concurrent.ThreadPoolExecutor.runWorker(ThreadPoolExecutor.java:1128)\r\n\tat java.base/java.util.concurrent.ThreadPoolExecutor$Worker.run(ThreadPoolExecutor.java:628)\r\n\tat java.base/java.lang.Thread.run(Thread.java:830)\r\n",
    "steps" : [ {
      "name" : "Open main page",
      "time" : {
        "start" : 1577107962974,
        "stop" : 1577107964664,
        "duration" : 1690
      },
      "status" : "passed",
      "steps" : [ ],
      "attachments" : [ ],
      "parameters" : [ ],
      "attachmentsCount" : 0,
      "shouldDisplayMessage" : false,
      "hasContent" : false,
      "stepsCount" : 0
    }, {
      "name" : "Open page with droppable objects",
      "time" : {
        "start" : 1577107964665,
        "stop" : 1577107966812,
        "duration" : 2147
      },
      "status" : "passed",
      "steps" : [ ],
      "attachments" : [ {
        "uid" : "578f1c530b467b78",
        "name" : "Screenshot",
        "source" : "578f1c530b467b78.png",
        "type" : "image/png",
        "size" : 364268
      } ],
      "parameters" : [ ],
      "attachmentsCount" : 1,
      "shouldDisplayMessage" : false,
      "hasContent" : true,
      "stepsCount" : 0
    }, {
      "name" : "Drag and drop square in wrong locator",
      "time" : {
        "start" : 1577107966812,
        "stop" : 1577107968513,
        "duration" : 1701
      },
      "status" : "passed",
      "steps" : [ ],
      "attachments" : [ {
        "uid" : "bef6d3bc5c2c7718",
        "name" : "Screenshot",
        "source" : "bef6d3bc5c2c7718.png",
        "type" : "image/png",
        "size" : 169544
      }, {
        "uid" : "37d9407bfaad157",
        "name" : "Screenshot",
        "source" : "37d9407bfaad157.png",
        "type" : "image/png",
        "size" : 169544
      } ],
      "parameters" : [ ],
      "attachmentsCount" : 2,
      "shouldDisplayMessage" : false,
      "hasContent" : true,
      "stepsCount" : 0
    } ],
    "attachments" : [ ],
    "parameters" : [ ],
    "attachmentsCount" : 3,
    "shouldDisplayMessage" : true,
    "hasContent" : true,
    "stepsCount" : 3
  },
  "afterStages" : [ {
    "name" : "close browser",
    "time" : {
      "start" : 1577107978276,
      "stop" : 1577107978911,
      "duration" : 635
    },
    "status" : "passed",
    "steps" : [ ],
    "attachments" : [ ],
    "parameters" : [ ],
    "attachmentsCount" : 0,
    "shouldDisplayMessage" : false,
    "hasContent" : false,
    "stepsCount" : 0
  } ],
  "labels" : [ {
    "name" : "package",
    "value" : "ActionsDemoTests"
  }, {
    "name" : "testClass",
    "value" : "ActionsDemoTests"
  }, {
    "name" : "testMethod",
    "value" : "brokenTest"
  }, {
    "name" : "parentSuite",
    "value" : "Actions demo"
  }, {
    "name" : "suite",
    "value" : "Actions demo"
  }, {
    "name" : "subSuite",
    "value" : "ActionsDemoTests"
  }, {
    "name" : "host",
    "value" : "EPRUSARW1779"
  }, {
    "name" : "thread",
    "value" : "13560@EPRUSARW1779.TestNG-test=Actions demo-1(16)"
  }, {
    "name" : "resultFormat",
    "value" : "allure2"
  } ],
  "parameters" : [ ],
  "links" : [ ],
  "hidden" : false,
  "retry" : false,
  "extra" : {
    "severity" : "normal",
    "retries" : [ ],
    "categories" : [ {
      "name" : "Product defects",
      "matchedStatuses" : [ ],
      "flaky" : false
    } ],
    "tags" : [ ]
  },
  "source" : "5abf619dd8b84695.json",
  "parameterValues" : [ ]
}